c:\users\asbbi\downloads\cg_assignment_202112354\cg_assignment_202112354\q3\debug\vc143.pdb
c:\users\asbbi\downloads\cg_assignment_202112354\cg_assignment_202112354\q3\debug\vc143.idb
c:\users\asbbi\downloads\cg_assignment_202112354\cg_assignment_202112354\q3\debug\q3.obj
c:\users\asbbi\downloads\cg_assignment_202112354\cg_assignment_202112354\bin\q3.exe
c:\users\asbbi\downloads\cg_assignment_202112354\cg_assignment_202112354\bin\q3.pdb
c:\users\asbbi\downloads\cg_assignment_202112354\cg_assignment_202112354\q3\debug\q3.ilk
c:\cg_a2_202112354\q3\debug\q3.obj
c:\cg_a2_202112354\q3\debug\q3.ilk
c:\cg_a2_202112354\q3\debug\vc143.idb
c:\cg_a2_202112354\q3\debug\vc143.pdb
c:\cg_a2_202112354\bin\q3.pdb
c:\cg_a2_202112354\bin\q3.exe
c:\cg_a2_202112354\q3\debug\q3.tlog\cl.command.1.tlog
c:\cg_a2_202112354\q3\debug\q3.tlog\cl.items.tlog
c:\cg_a2_202112354\q3\debug\q3.tlog\cl.read.1.tlog
c:\cg_a2_202112354\q3\debug\q3.tlog\cl.write.1.tlog
c:\cg_a2_202112354\q3\debug\q3.tlog\link.command.1.tlog
c:\cg_a2_202112354\q3\debug\q3.tlog\link.read.1.tlog
c:\cg_a2_202112354\q3\debug\q3.tlog\link.secondary.1.tlog
c:\cg_a2_202112354\q3\debug\q3.tlog\link.write.1.tlog
